<?xml version="1.0" encoding="UTF-8"?>
<!DOCTYPE suite SYSTEM "http://testng.org/testng-1.0.dtd">
<suite name="Practice Suite">
    <test name="LoginTest">
<!--        <parameter name="emailid" value="tester456@gmail.com"/>-->
<!--         <parameter name="password" value="test@123"/>-->
        <classes>
            <class name="example.testcases.LoginTest"/>
        </classes>
    
    <test name="Add Customer Test">
        <classes>
            <class name="org.example.testcases."></class>
        </classes>
    </test>

</suite> <!-- Suite -->